Add Component: Footprint Not Found CAPC-0402 (0506)
Add Component: Footprint Not Found 2012[0805]
Add Component: Footprint Not Found 2012[0805]
Add Component: Footprint Not Found 2012[0805]
Add Component: Footprint Not Found 2012[0805]
Add Component: Footprint Not Found CAPC-0402 (0506)
Add Component: Footprint Not Found CAPC-0402 (0506)
Add Component: Footprint Not Found CAPC-0402 (0506)
Add Component: Footprint Not Found 1005[0402]
Add Component: Footprint Not Found CAPC-0402 (0506)
Add Component: Footprint Not Found CAPC-0402 (0506)
Add Component: Footprint Not Found CAPC-0402 (0506)
Add Component: Footprint Not Found CAPC-0402 (0506)
Add Component: Footprint Not Found CAPC-0402 (0506)
Add Component: Footprint Not Found CAPC-0402 (0506)
Add Component: Footprint Not Found CAPC-0402 (0506)
Add Component: Footprint Not Found CAPC-0402 (1005)
Add Component: Footprint Not Found CAPC-0402 (1005)
Add Component: Footprint Not Found CAPC-0402 (1005)
Add Component: Footprint Not Found CAPC1608X90N
Add Component: Footprint Not Found CAPC1608X90N
Add Component: Footprint Not Found CAPC1608X90N
Add Component: Footprint Not Found CAPC1608X90N
Add Component: Footprint Not Found CRYSTAL-SMD5032
Add Component: Footprint Not Found DIODE SMD
Add Component: Footprint Not Found SMB
Added Component: Designator=D3(LED_0603_BLUE)
Add Component: Footprint Not Found LED_0603_BLUE
Added Component: Designator=IC1(TXS0102DCUR)
Add component (AddParameter): Name = "Arrow Part Number"; Value = "TXS0102DCUR"; VariantName = "[No Variations]"
Add component (AddParameter): Name = "Arrow Price/Stock"; Value = "https://www.arrow.com/en/products/txs0102dcur/texas-instruments?region=nac"; VariantName = "[No Variations]"
Add component (AddParameter): Name = "Datasheet Link"; Value = "https://datasheet.datasheetarchive.com/originals/distributors/SFDatasheet-7/sf-000145437.pdf"; VariantName = "[No Variations]"
Add component (AddParameter): Name = "Height"; Value = "0.9mm"; VariantName = "[No Variations]"
Add component (AddParameter): Name = "Manufacturer_Name"; Value = "Texas Instruments"; VariantName = "[No Variations]"
Add component (AddParameter): Name = "Manufacturer_Part_Number"; Value = "TXS0102DCUR"; VariantName = "[No Variations]"
Add component (AddParameter): Name = "Mouser Part Number"; Value = "595-TXS0102DCUR"; VariantName = "[No Variations]"
Add component (AddParameter): Name = "Mouser Price/Stock"; Value = "https://www.mouser.co.uk/ProductDetail/Texas-Instruments/TXS0102DCUR?qs=dB0LedT%252BmmBcQ3I%2Fs9XEDA%3D%3D"; VariantName = "[No Variations]"
Added Component: Designator=IC2(TXS0102DCUR)
Add component (AddParameter): Name = "Arrow Part Number"; Value = "TXS0102DCUR"; VariantName = "[No Variations]"
Add component (AddParameter): Name = "Arrow Price/Stock"; Value = "https://www.arrow.com/en/products/txs0102dcur/texas-instruments?region=nac"; VariantName = "[No Variations]"
Add component (AddParameter): Name = "Datasheet Link"; Value = "https://datasheet.datasheetarchive.com/originals/distributors/SFDatasheet-7/sf-000145437.pdf"; VariantName = "[No Variations]"
Add component (AddParameter): Name = "Height"; Value = "0.9mm"; VariantName = "[No Variations]"
Add component (AddParameter): Name = "Manufacturer_Name"; Value = "Texas Instruments"; VariantName = "[No Variations]"
Add component (AddParameter): Name = "Manufacturer_Part_Number"; Value = "TXS0102DCUR"; VariantName = "[No Variations]"
Add component (AddParameter): Name = "Mouser Part Number"; Value = "595-TXS0102DCUR"; VariantName = "[No Variations]"
Add component (AddParameter): Name = "Mouser Price/Stock"; Value = "https://www.mouser.co.uk/ProductDetail/Texas-Instruments/TXS0102DCUR?qs=dB0LedT%252BmmBcQ3I%2Fs9XEDA%3D%3D"; VariantName = "[No Variations]"
Added Component: Designator=IC3(TXS0102DCUR)
Add component (AddParameter): Name = "Arrow Part Number"; Value = "TXS0102DCUR"; VariantName = "[No Variations]"
Add component (AddParameter): Name = "Arrow Price/Stock"; Value = "https://www.arrow.com/en/products/txs0102dcur/texas-instruments?region=nac"; VariantName = "[No Variations]"
Add component (AddParameter): Name = "Datasheet Link"; Value = "https://datasheet.datasheetarchive.com/originals/distributors/SFDatasheet-7/sf-000145437.pdf"; VariantName = "[No Variations]"
Add component (AddParameter): Name = "Height"; Value = "0.9mm"; VariantName = "[No Variations]"
Add component (AddParameter): Name = "Manufacturer_Name"; Value = "Texas Instruments"; VariantName = "[No Variations]"
Add component (AddParameter): Name = "Manufacturer_Part_Number"; Value = "TXS0102DCUR"; VariantName = "[No Variations]"
Add component (AddParameter): Name = "Mouser Part Number"; Value = "595-TXS0102DCUR"; VariantName = "[No Variations]"
Add component (AddParameter): Name = "Mouser Price/Stock"; Value = "https://www.mouser.co.uk/ProductDetail/Texas-Instruments/TXS0102DCUR?qs=dB0LedT%252BmmBcQ3I%2Fs9XEDA%3D%3D"; VariantName = "[No Variations]"
Add Component: Footprint Not Found SM06B-SRSS-TB
Added Component: Designator=J2(HRS_DM3AT-SF-PEJM5)
Add component (AddParameter): Name = "Check_prices"; Value = "https://www.snapeda.com/parts/DM3AT-SF-PEJM5/Hirose+Electric+Co+Ltd/view-part/?ref=eda"; VariantName = "[No Variations]"
Add component (AddParameter): Name = "MF"; Value = "Hirose"; VariantName = "[No Variations]"
Add component (AddParameter): Name = "MP"; Value = "DM3AT-SF-PEJM5"; VariantName = "[No Variations]"
Add component (AddParameter): Name = "Package"; Value = "None"; VariantName = "[No Variations]"
Add component (AddParameter): Name = "SnapEDA_Link"; Value = "https://www.snapeda.com/parts/DM3AT-SF-PEJM5/Hirose+Electric+Co+Ltd/view-part/?ref=snap"; VariantName = "[No Variations]"
Add component (AddParameter): Name = "Value"; Value = ""; VariantName = "[No Variations]"
Added Component: Designator=JP1(BM02B-GHS)
Add component (AddParameter): Name = "Chung_Loai"; Value = "C?m"; VariantName = "[No Variations]"
Add component (AddParameter): Name = "Don_Vi"; Value = ""; VariantName = "[No Variations]"
Add component (AddParameter): Name = "Ghi_Chu"; Value = ""; VariantName = "[No Variations]"
Add component (AddParameter): Name = "Kieu_Chan"; Value = ""; VariantName = "[No Variations]"
Add component (AddParameter): Name = "Ma_Hang"; Value = ""; VariantName = "[No Variations]"
Add component (AddParameter): Name = "Ten_Linh_Kien"; Value = ""; VariantName = "[No Variations]"
Added Component: Designator=JP2(BM10B-GHS-TBT)
Add component (AddParameter): Name = "Chung_Loai"; Value = "C?m"; VariantName = "[No Variations]"
Add component (AddParameter): Name = "Don_Vi"; Value = "Con"; VariantName = "[No Variations]"
Add component (AddParameter): Name = "Ghi_Chu"; Value = ""; VariantName = "[No Variations]"
Add component (AddParameter): Name = "Kieu_Chan"; Value = ""; VariantName = "[No Variations]"
Add component (AddParameter): Name = "Ma_Hang"; Value = ""; VariantName = "[No Variations]"
Add component (AddParameter): Name = "Ten_Linh_Kien"; Value = ""; VariantName = "[No Variations]"
Add Component: Footprint Not Found INDUCTOR SMD 7x7
Added Component: Designator=P1(BM02B-GHS)
Add component (AddParameter): Name = "LatestRevisionDate"; Value = "17-Jul-2002"; VariantName = "[No Variations]"
Add component (AddParameter): Name = "LatestRevisionNote"; Value = "Re-released for DXP Platform."; VariantName = "[No Variations]"
Add component (AddParameter): Name = "Publisher"; Value = "Altium Limited"; VariantName = "[No Variations]"
Add Component: Footprint Not Found SW 2P SMD
Added Component: Designator=P3(GH-3AB)
Added Component: Designator=P4(GH-3AB)
Added Component: Designator=P5(GH-3AB)
Add Component: Footprint Not Found 1005[0402]
Add Component: Footprint Not Found 1005[0402]
Add Component: Footprint Not Found 1005[0402]
Add Component: Footprint Not Found 1005[0402]
Add Component: Footprint Not Found 1005[0402]
Add Component: Footprint Not Found 1005[0402]
Add Component: Footprint Not Found 1005[0402]
Add Component: Footprint Not Found RESC-0402 (1005)
Add Component: Footprint Not Found RESC-0402 (1005)
Add Component: Footprint Not Found RESC-0402 (1005)
Add Component: Footprint Not Found RESC-0402 (1005)
Add Component: Footprint Not Found RESC-0402 (1005)
Add Component: Footprint Not Found RESC-0402 (1005)
Add Component: Footprint Not Found RESC-0402 (1005)
Add Component: Footprint Not Found RESC-0402 (1005)
Add Component: Footprint Not Found RESC-0402 (1005)
Added Component: Designator=R17(RES_0402)
Add component (AddParameter): Name = "Distributor Link"; Value = ""; VariantName = "[No Variations]"
Add component (AddParameter): Name = "LCSC"; Value = ""; VariantName = "[No Variations]"
Add component (AddParameter): Name = "Manufacturer"; Value = ""; VariantName = "[No Variations]"
Add component (AddParameter): Name = "Manufacturer Part Number"; Value = ""; VariantName = "[No Variations]"
Added Component: Designator=R18(RES_0402)
Add component (AddParameter): Name = "Distributor Link"; Value = ""; VariantName = "[No Variations]"
Add component (AddParameter): Name = "LCSC"; Value = ""; VariantName = "[No Variations]"
Add component (AddParameter): Name = "Manufacturer"; Value = ""; VariantName = "[No Variations]"
Add component (AddParameter): Name = "Manufacturer Part Number"; Value = ""; VariantName = "[No Variations]"
Added Component: Designator=R19(RES_0402)
Add component (AddParameter): Name = "Distributor Link"; Value = ""; VariantName = "[No Variations]"
Add component (AddParameter): Name = "LCSC"; Value = ""; VariantName = "[No Variations]"
Add component (AddParameter): Name = "Manufacturer"; Value = ""; VariantName = "[No Variations]"
Add component (AddParameter): Name = "Manufacturer Part Number"; Value = ""; VariantName = "[No Variations]"
Added Component: Designator=R20(RES_0402)
Add component (AddParameter): Name = "Distributor Link"; Value = ""; VariantName = "[No Variations]"
Add component (AddParameter): Name = "LCSC"; Value = ""; VariantName = "[No Variations]"
Add component (AddParameter): Name = "Manufacturer"; Value = ""; VariantName = "[No Variations]"
Add component (AddParameter): Name = "Manufacturer Part Number"; Value = ""; VariantName = "[No Variations]"
Added Component: Designator=R21(RES_0402)
Add component (AddParameter): Name = "Distributor Link"; Value = ""; VariantName = "[No Variations]"
Add component (AddParameter): Name = "LCSC"; Value = ""; VariantName = "[No Variations]"
Add component (AddParameter): Name = "Manufacturer"; Value = ""; VariantName = "[No Variations]"
Add component (AddParameter): Name = "Manufacturer Part Number"; Value = ""; VariantName = "[No Variations]"
Added Component: Designator=R22(RES_0402)
Add component (AddParameter): Name = "Distributor Link"; Value = ""; VariantName = "[No Variations]"
Add component (AddParameter): Name = "LCSC"; Value = ""; VariantName = "[No Variations]"
Add component (AddParameter): Name = "Manufacturer"; Value = ""; VariantName = "[No Variations]"
Add component (AddParameter): Name = "Manufacturer Part Number"; Value = ""; VariantName = "[No Variations]"
Add Component: Footprint Not Found Test Point 1 MM
Add Component: Footprint Not Found Test Point 1 MM
Add Component: Footprint Not Found SOIC8E_MPS
Add Component: Footprint Not Found MP04A_N
Add Component: Footprint Not Found QFP50P1600X1600X160-100N
Add Component: Footprint Not Found PQFN50P300X250X97-14N
Added Component: Designator=U5(MS5611_1)
Add Component: Footprint Not Found PQFN50P300X250X97-14N
Add Component: Footprint Not Found XDCR_BMM150
Added Pin To Net: NetName=+5V Pin=IC1-7
Added Pin To Net: NetName=+5V Pin=IC2-7
Added Pin To Net: NetName=+5V Pin=IC3-7
Added Pin To Net: NetName=+5V Pin=JP2-1
Added Net: Name=+5V
Added Pin To Net: NetName=3.3V Pin=IC1-3
Added Pin To Net: NetName=3.3V Pin=IC2-3
Added Pin To Net: NetName=3.3V Pin=IC3-3
Added Pin To Net: NetName=3.3V Pin=J2-4
Added Pin To Net: NetName=3.3V Pin=R17-2
Added Pin To Net: NetName=3.3V Pin=R18-2
Added Pin To Net: NetName=3.3V Pin=R19-2
Added Pin To Net: NetName=3.3V Pin=R20-2
Added Pin To Net: NetName=3.3V Pin=R21-2
Added Pin To Net: NetName=3.3V Pin=R22-2
Added Pin To Net: NetName=3.3V Pin=U5-1
Added Pin To Net: NetName=3.3V Pin=U5-2
Added Net: Name=3.3V
Added Pin To Net: NetName=Buzzer Pin=JP2-9
Added Net: Name=Buzzer
Added Pin To Net: NetName=CARD_DETECT Pin=J2-SWA
Added Pin To Net: NetName=CARD_DETECT Pin=J2-SWB
Added Pin To Net: NetName=CARD_DETECT Pin=R17-1
Added Net: Name=CARD_DETECT
Added Pin To Net: NetName=DEBUG_RX Pin=IC1-1
Added Pin To Net: NetName=DEBUG_RX Pin=P3-0
Added Net: Name=DEBUG_RX
Added Pin To Net: NetName=DEBUG_TX Pin=IC1-8
Added Pin To Net: NetName=DEBUG_TX Pin=P3-2
Added Net: Name=DEBUG_TX
Added Pin To Net: NetName=GND Pin=IC1-2
Added Pin To Net: NetName=GND Pin=IC2-2
Added Pin To Net: NetName=GND Pin=IC3-2
Added Pin To Net: NetName=GND Pin=J2-6
Added Pin To Net: NetName=GND Pin=J2-P1
Added Pin To Net: NetName=GND Pin=J2-P2
Added Pin To Net: NetName=GND Pin=J2-P3
Added Pin To Net: NetName=GND Pin=J2-P4
Added Pin To Net: NetName=GND Pin=P1-1
Added Pin To Net: NetName=GND Pin=P3-1
Added Pin To Net: NetName=GND Pin=P4-1
Added Pin To Net: NetName=GND Pin=P5-1
Added Pin To Net: NetName=GND Pin=U5-3
Added Pin To Net: NetName=GND Pin=U5-4
Added Pin To Net: NetName=GND Pin=U5-5
Added Net: Name=GND
Added Pin To Net: NetName=GPS_RX Pin=JP2-2
Added Net: Name=GPS_RX
Added Pin To Net: NetName=GPS_S_LED Pin=JP2-7
Added Net: Name=GPS_S_LED
Added Pin To Net: NetName=GPS_S_SW Pin=JP2-6
Added Net: Name=GPS_S_SW
Added Pin To Net: NetName=GPS_TX Pin=JP2-3
Added Net: Name=GPS_TX
Added Pin To Net: NetName=I2C_SCL Pin=U5-8
Added Net: Name=I2C_SCL
Added Pin To Net: NetName=I2C_SDA Pin=U5-7
Added Net: Name=I2C_SDA
Added Net: Name=IMU_INT1
Added Net: Name=IMU_INT2
Added Net: Name=LED_TEST
Added Net: Name=MAG_INT
Added Net: Name=MAG_RDY
Added Net: Name=NetC1_1
Added Net: Name=NetC1_2
Added Net: Name=NetC2_2
Added Net: Name=NetC9_1
Added Net: Name=NetC9_2
Added Net: Name=NetD3_1
Added Net: Name=NetD4_2
Added Pin To Net: NetName=NetIC1_6 Pin=IC1-6
Added Net: Name=NetIC1_6
Added Pin To Net: NetName=NetIC2_6 Pin=IC2-6
Added Net: Name=NetIC2_6
Added Pin To Net: NetName=NetIC3_6 Pin=IC3-6
Added Net: Name=NetIC3_6
Added Net: Name=NetR1_1
Added Net: Name=NetR3_1
Added Net: Name=NetR4_1
Added Net: Name=NetR6_2
Added Net: Name=NetR9_2
Added Net: Name=PH0
Added Net: Name=PH1
Added Net: Name=RST
Added Pin To Net: NetName=SDMMC_CLK Pin=J2-5
Added Net: Name=SDMMC_CLK
Added Pin To Net: NetName=SDMMC_CMD Pin=J2-3
Added Pin To Net: NetName=SDMMC_CMD Pin=R18-1
Added Net: Name=SDMMC_CMD
Added Pin To Net: NetName=SDMMC_D0 Pin=J2-7
Added Pin To Net: NetName=SDMMC_D0 Pin=R22-1
Added Net: Name=SDMMC_D0
Added Pin To Net: NetName=SDMMC_D1 Pin=J2-8
Added Pin To Net: NetName=SDMMC_D1 Pin=R21-1
Added Net: Name=SDMMC_D1
Added Pin To Net: NetName=SDMMC_D2 Pin=J2-1
Added Pin To Net: NetName=SDMMC_D2 Pin=R20-1
Added Net: Name=SDMMC_D2
Added Pin To Net: NetName=SDMMC_D3 Pin=J2-2
Added Pin To Net: NetName=SDMMC_D3 Pin=R19-1
Added Net: Name=SDMMC_D3
Added Net: Name=SPI1_CS2
Added Net: Name=SPI1_CS
Added Net: Name=SPI1_MISO
Added Net: Name=SPI1_MOSI
Added Net: Name=SPI1_SCK
Added Pin To Net: NetName=UART6_RX_O Pin=IC2-1
Added Pin To Net: NetName=UART6_RX_O Pin=P4-2
Added Net: Name=UART6_RX_O
Added Pin To Net: NetName=UART6_TX_O Pin=IC2-8
Added Pin To Net: NetName=UART6_TX_O Pin=P4-0
Added Net: Name=UART6_TX_O
Added Pin To Net: NetName=UART7_RX_O Pin=IC3-1
Added Pin To Net: NetName=UART7_RX_O Pin=P5-2
Added Net: Name=UART7_RX_O
Added Pin To Net: NetName=UART7_RX Pin=IC3-4
Added Net: Name=UART7_RX
Added Pin To Net: NetName=UART7_TX_O Pin=IC3-8
Added Pin To Net: NetName=UART7_TX_O Pin=P5-0
Added Net: Name=UART7_TX_O
Added Pin To Net: NetName=UART7_TX Pin=IC3-5
Added Net: Name=UART7_TX
Added Pin To Net: NetName=USART1_RX Pin=IC1-4
Added Net: Name=USART1_RX
Added Pin To Net: NetName=USART1_TX Pin=IC1-5
Added Net: Name=USART1_TX
Added Pin To Net: NetName=USART6_RX Pin=IC2-4
Added Net: Name=USART6_RX
Added Pin To Net: NetName=USART6_TX Pin=IC2-5
Added Net: Name=USART6_TX
Added Pin To Net: NetName=Vin Pin=P1-2
Added Net: Name=Vin
Added Class: Name=Designator
Add Class: Class already exists: Designator
Add Class: Class already exists: Designator
Add Class: Class already exists: Designator
Added Room: Name=Designator
Added Room: Name=Designator
Added Room: Name=Designator
Added Room: Name=Designator
