Change Component Designator: Old Designator=C? New Designator=C33
Change Component Designator: Old Designator=C? New Designator=C34
Change Component Designator: Old Designator=C? New Designator=C35
Change Component Designator: Old Designator=C? New Designator=C36
Change Component Designator: Old Designator=C? New Designator=C37
Change Component Designator: Old Designator=C? New Designator=C38
Change Component Designator: Old Designator=C? New Designator=C39
Change Component Designator: Old Designator=C? New Designator=C40
Change Component Designator: Old Designator=C? New Designator=C41
Change Component Designator: Old Designator=C? New Designator=C42
Change Component Designator: Old Designator=J? New Designator=J2
Change Component Designator: Old Designator=JP? New Designator=JP2
Change Component Designator: Old Designator=R? New Designator=R17
Change Component Designator: Old Designator=R? New Designator=R18
Change Component Designator: Old Designator=R? New Designator=R19
Change Component Designator: Old Designator=R? New Designator=R20
Change Component Designator: Old Designator=R? New Designator=R21
Change Component Designator: Old Designator=R? New Designator=R22
Change Component Designator: Old Designator=R? New Designator=R23
Change Component Designator: Old Designator=R? New Designator=R24
Change Component Designator: Old Designator=U? New Designator=U4
Change Component Designator: Old Designator=U? New Designator=U5
Change Component Designator: Old Designator=U? New Designator=U6
Change Component Designator: Old Designator=U? New Designator=U7
