Added Pin To Net: NetName=NetC1_1 Pin=C1-1
Added Pin To Net: NetName=NetC1_2 Pin=C1-2
Added Pin To Net: NetName=GND Pin=C2-1
Added Pin To Net: NetName=NetC2_2 Pin=C2-2
Added Pin To Net: NetName=GND Pin=C3-1
Added Pin To Net: NetName=NetC2_2 Pin=C3-2
Added Pin To Net: NetName=GND Pin=C4-1
Added Pin To Net: NetName=+5V Pin=C4-2
Added Pin To Net: NetName=GND Pin=C5-1
Added Pin To Net: NetName=+5V Pin=C5-2
Added Pin To Net: NetName=GND Pin=C6-1
Added Pin To Net: NetName=+5V Pin=C6-2
Added Pin To Net: NetName=GND Pin=C7-1
Added Pin To Net: NetName=+5V Pin=C7-2
Added Pin To Net: NetName=GND Pin=C8-1
Added Pin To Net: NetName=+5V Pin=C8-2
Added Pin To Net: NetName=NetC9_1 Pin=C9-1
Added Pin To Net: NetName=NetC9_2 Pin=C9-2
Added Pin To Net: NetName=GND Pin=C10-1
Added Pin To Net: NetName=3.3V Pin=C10-2
Added Pin To Net: NetName=GND Pin=C11-1
Added Pin To Net: NetName=3.3V Pin=C11-2
Added Pin To Net: NetName=GND Pin=C12-1
Added Pin To Net: NetName=3.3V Pin=C12-2
Added Pin To Net: NetName=GND Pin=C13-1
Added Pin To Net: NetName=3.3V Pin=C13-2
Added Pin To Net: NetName=GND Pin=C14-1
Added Pin To Net: NetName=3.3V Pin=C14-2
Added Pin To Net: NetName=VCAP2 Pin=C15-1
Added Pin To Net: NetName=GND Pin=C15-2
Added Pin To Net: NetName=VCAP1 Pin=C16-1
Added Pin To Net: NetName=GND Pin=C16-2
Added Pin To Net: NetName=PH0 Pin=C17-1
Added Pin To Net: NetName=GND Pin=C17-2
Added Pin To Net: NetName=RST Pin=C18-1
Added Pin To Net: NetName=GND Pin=C18-2
Added Pin To Net: NetName=PH1 Pin=C19-1
Added Pin To Net: NetName=GND Pin=C19-2
Added Pin To Net: NetName=3.3V Pin=C20-1
Added Pin To Net: NetName=GND Pin=C20-2
Added Pin To Net: NetName=3.3V Pin=C21-1
Added Pin To Net: NetName=GND Pin=C21-2
Added Pin To Net: NetName=3.3V Pin=C22-1
Added Pin To Net: NetName=GND Pin=C22-2
Added Pin To Net: NetName=3.3V Pin=C23-1
Added Pin To Net: NetName=GND Pin=C23-2
Added Pin To Net: NetName=PH1 Pin=CT1-1
Added Pin To Net: NetName=PH0 Pin=CT1-2
Added Pin To Net: NetName=Vin Pin=D1-1
Added Pin To Net: NetName=NetC2_2 Pin=D1-2
Added Pin To Net: NetName=GND Pin=D2-1
Added Pin To Net: NetName=NetC1_1 Pin=D2-2
Added Pin To Net: NetName=NetD3_1 Pin=D3-1
Added Pin To Net: NetName=GND Pin=D3-2
Added Pin To Net: NetName=LED_TEST Pin=D4-1
Added Pin To Net: NetName=NetD4_2 Pin=D4-2
Added Pin To Net: NetName=DEBUG_RX Pin=IC1-1
Added Pin To Net: NetName=GND Pin=IC1-2
Added Pin To Net: NetName=3.3V Pin=IC1-3
Added Pin To Net: NetName=USART1_RX Pin=IC1-4
Added Pin To Net: NetName=USART1_TX Pin=IC1-5
Added Pin To Net: NetName=NetIC1_6 Pin=IC1-6
Added Pin To Net: NetName=+5V Pin=IC1-7
Added Pin To Net: NetName=DEBUG_TX Pin=IC1-8
Added Pin To Net: NetName=UART6_RX_O Pin=IC2-1
Added Pin To Net: NetName=GND Pin=IC2-2
Added Pin To Net: NetName=3.3V Pin=IC2-3
Added Pin To Net: NetName=USART6_RX Pin=IC2-4
Added Pin To Net: NetName=USART6_TX Pin=IC2-5
Added Pin To Net: NetName=NetIC2_6 Pin=IC2-6
Added Pin To Net: NetName=+5V Pin=IC2-7
Added Pin To Net: NetName=UART6_TX_O Pin=IC2-8
Added Pin To Net: NetName=UART7_RX_O Pin=IC3-1
Added Pin To Net: NetName=GND Pin=IC3-2
Added Pin To Net: NetName=3.3V Pin=IC3-3
Added Pin To Net: NetName=UART7_RX Pin=IC3-4
Added Pin To Net: NetName=UART7_TX Pin=IC3-5
Added Pin To Net: NetName=NetIC3_6 Pin=IC3-6
Added Pin To Net: NetName=+5V Pin=IC3-7
Added Pin To Net: NetName=UART7_TX_O Pin=IC3-8
Added Pin To Net: NetName=3.3V Pin=J1-1
Added Pin To Net: NetName=GND Pin=J1-2
Added Pin To Net: NetName=SWDIO Pin=J1-3
Added Pin To Net: NetName=SWCLK Pin=J1-4
Added Pin To Net: NetName=RST Pin=J1-5
Added Pin To Net: NetName=SDMMC_D2 Pin=J2-1
Added Pin To Net: NetName=SDMMC_D3 Pin=J2-2
Added Pin To Net: NetName=SDMMC_CMD Pin=J2-3
Added Pin To Net: NetName=3.3V Pin=J2-4
Added Pin To Net: NetName=SDMMC_CLK Pin=J2-5
Added Pin To Net: NetName=GND Pin=J2-6
Added Pin To Net: NetName=SDMMC_D0 Pin=J2-7
Added Pin To Net: NetName=SDMMC_D1 Pin=J2-8
Added Pin To Net: NetName=GND Pin=J2-P1
Added Pin To Net: NetName=GND Pin=J2-P2
Added Pin To Net: NetName=GND Pin=J2-P3
Added Pin To Net: NetName=GND Pin=J2-P4
Added Pin To Net: NetName=CARD_DETECT Pin=J2-SWA
Added Pin To Net: NetName=CARD_DETECT Pin=J2-SWB
Added Pin To Net: NetName=+5V Pin=JP1-1
Added Pin To Net: NetName=GND Pin=JP1-2
Added Pin To Net: NetName=+5V Pin=JP2-1
Added Pin To Net: NetName=GPS_RX Pin=JP2-2
Added Pin To Net: NetName=GPS_TX Pin=JP2-3
Added Pin To Net: NetName=I2C_SCL Pin=JP2-4
Added Pin To Net: NetName=I2C_SDA Pin=JP2-5
Added Pin To Net: NetName=GPS_S_SW Pin=JP2-6
Added Pin To Net: NetName=GPS_S_LED Pin=JP2-7
Added Pin To Net: NetName=3.3V Pin=JP2-8
Added Pin To Net: NetName=Buzzer Pin=JP2-9
Added Pin To Net: NetName=GND Pin=JP2-10
Added Pin To Net: NetName=NetC1_1 Pin=L1-1
Added Pin To Net: NetName=+5V Pin=L1-2
Added Pin To Net: NetName=GND Pin=P1-1
Added Pin To Net: NetName=Vin Pin=P1-2
Added Pin To Net: NetName=GND Pin=P2-1
Added Pin To Net: NetName=RST Pin=P2-2
Added Pin To Net: NetName=DEBUG_RX Pin=P3-0
Added Pin To Net: NetName=GND Pin=P3-1
Added Pin To Net: NetName=DEBUG_TX Pin=P3-2
Added Pin To Net: NetName=UART6_TX_O Pin=P4-0
Added Pin To Net: NetName=GND Pin=P4-1
Added Pin To Net: NetName=UART6_RX_O Pin=P4-2
Added Pin To Net: NetName=UART7_TX_O Pin=P5-0
Added Pin To Net: NetName=GND Pin=P5-1
Added Pin To Net: NetName=UART7_RX_O Pin=P5-2
Added Pin To Net: NetName=NetR1_1 Pin=R1-1
Added Pin To Net: NetName=NetC2_2 Pin=R1-2
Added Pin To Net: NetName=GND Pin=R2-1
Added Pin To Net: NetName=NetR1_1 Pin=R2-2
Added Pin To Net: NetName=NetR3_1 Pin=R3-1
Added Pin To Net: NetName=+5V Pin=R3-2
Added Pin To Net: NetName=NetR4_1 Pin=R4-1
Added Pin To Net: NetName=GND Pin=R4-2
Added Pin To Net: NetName=NetC9_1 Pin=R5-1
Added Pin To Net: NetName=GND Pin=R5-2
Added Pin To Net: NetName=NetR3_1 Pin=R6-1
Added Pin To Net: NetName=NetR6_2 Pin=R6-2
Added Pin To Net: NetName=GND Pin=R7-1
Added Pin To Net: NetName=NetR6_2 Pin=R7-2
Added Pin To Net: NetName=NetD3_1 Pin=R8-1
Added Pin To Net: NetName=3.3V Pin=R8-2
Added Pin To Net: NetName=GND Pin=R9-1
Added Pin To Net: NetName=NetR9_2 Pin=R9-2
Added Pin To Net: NetName=RST Pin=R10-1
Added Pin To Net: NetName=3.3V Pin=R10-2
Added Pin To Net: NetName=3.3V Pin=R11-1
Added Pin To Net: NetName=NetIC1_6 Pin=R11-2
Added Pin To Net: NetName=GND Pin=R12-1
Added Pin To Net: NetName=NetD4_2 Pin=R12-2
Added Pin To Net: NetName=3.3V Pin=R13-1
Added Pin To Net: NetName=NetIC2_6 Pin=R13-2
Added Pin To Net: NetName=3.3V Pin=R14-1
Added Pin To Net: NetName=NetIC3_6 Pin=R14-2
Added Pin To Net: NetName=I2C_SDA Pin=R15-1
Added Pin To Net: NetName=3.3V Pin=R15-2
Added Pin To Net: NetName=I2C_SCL Pin=R16-1
Added Pin To Net: NetName=3.3V Pin=R16-2
Added Pin To Net: NetName=CARD_DETECT Pin=R17-1
Added Pin To Net: NetName=3.3V Pin=R17-2
Added Pin To Net: NetName=SDMMC_CMD Pin=R18-1
Added Pin To Net: NetName=3.3V Pin=R18-2
Added Pin To Net: NetName=SDMMC_D3 Pin=R19-1
Added Pin To Net: NetName=3.3V Pin=R19-2
Added Pin To Net: NetName=SDMMC_D2 Pin=R20-1
Added Pin To Net: NetName=3.3V Pin=R20-2
Added Pin To Net: NetName=SDMMC_D1 Pin=R21-1
Added Pin To Net: NetName=3.3V Pin=R21-2
Added Pin To Net: NetName=SDMMC_D0 Pin=R22-1
Added Pin To Net: NetName=3.3V Pin=R22-2
Added Pin To Net: NetName=+5V Pin=TP1-0
Added Pin To Net: NetName=3.3V Pin=TP2-0
Added Pin To Net: NetName=NetC1_1 Pin=U1-1
Added Pin To Net: NetName=NetR1_1 Pin=U1-2
Added Pin To Net: NetName=NetC9_2 Pin=U1-3
Added Pin To Net: NetName=NetR3_1 Pin=U1-4
Added Pin To Net: NetName=GND Pin=U1-5
Added Pin To Net: NetName=NetR4_1 Pin=U1-6
Added Pin To Net: NetName=NetC2_2 Pin=U1-7
Added Pin To Net: NetName=NetC1_2 Pin=U1-8
Added Pin To Net: NetName=GND Pin=U2-1
Added Pin To Net: NetName=3.3V Pin=U2-2
Added Pin To Net: NetName=+5V Pin=U2-3
Added Pin To Net: NetName=GPS_S_SW Pin=U3-1
Added Pin To Net: NetName=GPS_S_LED Pin=U3-2
Added Pin To Net: NetName=MAG_INT Pin=U3-3
Added Pin To Net: NetName=LED_TEST Pin=U3-4
Added Pin To Net: NetName=Buzzer Pin=U3-5
Added Pin To Net: NetName=3.3V Pin=U3-6
Added Pin To Net: NetName=CARD_DETECT Pin=U3-7
Added Pin To Net: NetName=GND Pin=U3-10
Added Pin To Net: NetName=3.3V Pin=U3-11
Added Pin To Net: NetName=PH0 Pin=U3-12
Added Pin To Net: NetName=PH1 Pin=U3-13
Added Pin To Net: NetName=RST Pin=U3-14
Added Pin To Net: NetName=GND Pin=U3-19
Added Pin To Net: NetName=3.3V Pin=U3-20
Added Pin To Net: NetName=3.3V Pin=U3-21
Added Pin To Net: NetName=GND Pin=U3-26
Added Pin To Net: NetName=3.3V Pin=U3-27
Added Pin To Net: NetName=SPI1_CS Pin=U3-28
Added Pin To Net: NetName=SPI1_SCK Pin=U3-29
Added Pin To Net: NetName=SPI1_MISO Pin=U3-30
Added Pin To Net: NetName=SPI1_MOSI Pin=U3-31
Added Pin To Net: NetName=SPI1_CS2 Pin=U3-32
Added Pin To Net: NetName=IMU_INT1 Pin=U3-34
Added Pin To Net: NetName=IMU_INT2 Pin=U3-35
Added Pin To Net: NetName=UART7_RX Pin=U3-37
Added Pin To Net: NetName=UART7_TX Pin=U3-38
Added Pin To Net: NetName=VCAP1 Pin=U3-48
Added Pin To Net: NetName=GND Pin=U3-49
Added Pin To Net: NetName=3.3V Pin=U3-50
Added Pin To Net: NetName=GPS_TX Pin=U3-56
Added Pin To Net: NetName=GPS_RX Pin=U3-57
Added Pin To Net: NetName=USART6_TX Pin=U3-63
Added Pin To Net: NetName=USART6_RX Pin=U3-64
Added Pin To Net: NetName=SDMMC_D0 Pin=U3-65
Added Pin To Net: NetName=SDMMC_D1 Pin=U3-66
Added Pin To Net: NetName=USART1_TX Pin=U3-68
Added Pin To Net: NetName=USART1_RX Pin=U3-69
Added Pin To Net: NetName=SWDIO Pin=U3-72
Added Pin To Net: NetName=VCAP2 Pin=U3-73
Added Pin To Net: NetName=GND Pin=U3-74
Added Pin To Net: NetName=3.3V Pin=U3-75
Added Pin To Net: NetName=SWCLK Pin=U3-76
Added Pin To Net: NetName=SDMMC_D2 Pin=U3-78
Added Pin To Net: NetName=SDMMC_D3 Pin=U3-79
Added Pin To Net: NetName=SDMMC_CLK Pin=U3-80
Added Pin To Net: NetName=SDMMC_CMD Pin=U3-83
Added Pin To Net: NetName=NetR9_2 Pin=U3-94
Added Pin To Net: NetName=I2C_SCL Pin=U3-95
Added Pin To Net: NetName=I2C_SDA Pin=U3-96
Added Pin To Net: NetName=MAG_RDY Pin=U3-98
Added Pin To Net: NetName=GND Pin=U3-99
Added Pin To Net: NetName=3.3V Pin=U3-100
Added Pin To Net: NetName=SPI1_MISO Pin=U4-1
Added Pin To Net: NetName=IMU_INT1 Pin=U4-4
Added Pin To Net: NetName=3.3V Pin=U4-5
Added Pin To Net: NetName=GND Pin=U4-6
Added Pin To Net: NetName=GND Pin=U4-7
Added Pin To Net: NetName=3.3V Pin=U4-8
Added Pin To Net: NetName=GND Pin=U4-10
Added Pin To Net: NetName=GND Pin=U4-11
Added Pin To Net: NetName=SPI1_CS Pin=U4-12
Added Pin To Net: NetName=SPI1_SCK Pin=U4-13
Added Pin To Net: NetName=SPI1_MOSI Pin=U4-14
Added Pin To Net: NetName=3.3V Pin=U5-1
Added Pin To Net: NetName=3.3V Pin=U5-2
Added Pin To Net: NetName=GND Pin=U5-3
Added Pin To Net: NetName=GND Pin=U5-4
Added Pin To Net: NetName=GND Pin=U5-5
Added Pin To Net: NetName=I2C_SDA Pin=U5-7
Added Pin To Net: NetName=I2C_SCL Pin=U5-8
Added Pin To Net: NetName=SPI1_MISO Pin=U6-1
Added Pin To Net: NetName=IMU_INT2 Pin=U6-4
Added Pin To Net: NetName=3.3V Pin=U6-5
Added Pin To Net: NetName=GND Pin=U6-6
Added Pin To Net: NetName=GND Pin=U6-7
Added Pin To Net: NetName=3.3V Pin=U6-8
Added Pin To Net: NetName=GND Pin=U6-10
Added Pin To Net: NetName=GND Pin=U6-11
Added Pin To Net: NetName=SPI1_CS2 Pin=U6-12
Added Pin To Net: NetName=SPI1_SCK Pin=U6-13
Added Pin To Net: NetName=SPI1_MOSI Pin=U6-14
Added Pin To Net: NetName=3.3V Pin=U7-A1
Added Pin To Net: NetName=I2C_SCL Pin=U7-A3
Added Pin To Net: NetName=3.3V Pin=U7-A5
Added Pin To Net: NetName=3.3V Pin=U7-B2
Added Pin To Net: NetName=I2C_SDA Pin=U7-B4
Added Pin To Net: NetName=3.3V Pin=U7-C1
Added Pin To Net: NetName=GND Pin=U7-C5
Added Pin To Net: NetName=MAG_INT Pin=U7-D2
Added Pin To Net: NetName=MAG_RDY Pin=U7-D4
Added Pin To Net: NetName=GND Pin=U7-E1
Added Pin To Net: NetName=GND Pin=U7-E3
Added Pin To Net: NetName=3.3V Pin=U7-E5
Added Member To Class: ClassName=Designator Member=Component C1 100nF
Added Member To Class: ClassName=Designator Member=Component C2 22uF
Added Member To Class: ClassName=Designator Member=Component C3 10uF
Added Member To Class: ClassName=Designator Member=Component C4 22uF
Added Member To Class: ClassName=Designator Member=Component C5 47nF
Added Member To Class: ClassName=Designator Member=Component C6 100nF
Added Member To Class: ClassName=Designator Member=Component C7 100nF
Added Member To Class: ClassName=Designator Member=Component C8 100nF
Added Member To Class: ClassName=Designator Member=Component C9 150pF
Added Member To Class: ClassName=Designator Member=Component C10 100nF
Added Member To Class: ClassName=Designator Member=Component C11 100nF
Added Member To Class: ClassName=Designator Member=Component C12 100nF
Added Member To Class: ClassName=Designator Member=Component C13 100nF
Added Member To Class: ClassName=Designator Member=Component C14 100nF
Added Member To Class: ClassName=Designator Member=Component C15 T? g?m
Added Member To Class: ClassName=Designator Member=Component C16 T? g?m
Added Member To Class: ClassName=Designator Member=Component C17 22pF
Added Member To Class: ClassName=Designator Member=Component C18 100nF
Added Member To Class: ClassName=Designator Member=Component C19 22pF
Added Member To Class: ClassName=Designator Member=Component C20 470nF
Added Member To Class: ClassName=Designator Member=Component C21 470nF
Added Member To Class: ClassName=Designator Member=Component C22 470nF
Added Member To Class: ClassName=Designator Member=Component C23 470nF
Added Member To Class: ClassName=Designator Member=Component CT1 16Mhz
Added Member To Class: ClassName=Designator Member=Component D1 Diode
Added Member To Class: ClassName=Designator Member=Component D2 SS36
Added Member To Class: ClassName=Designator Member=Component D3 LED
Added Member To Class: ClassName=Designator Member=Component D4 BLUE
Added Member To Class: ClassName=Designator Member=Component IC1 TXS0102DCUR
Added Member To Class: ClassName=Designator Member=Component IC2 TXS0102DCUR
Added Member To Class: ClassName=Designator Member=Component IC3 TXS0102DCUR
Added Member To Class: ClassName=Designator Member=Component J1 SM06B-SRSS-TB__LF__SN_
Added Member To Class: ClassName=Designator Member=Component J2 DM3AT-SF-PEJM5
Added Member To Class: ClassName=Designator Member=Component JP1 1.25T-2A
Added Member To Class: ClassName=Designator Member=Component JP2 1.25T-10A
Added Member To Class: ClassName=Designator Member=Component L1 4.7uH
Added Member To Class: ClassName=Designator Member=Component P1 Header 2
Added Member To Class: ClassName=Designator Member=Component P2 Value
Added Member To Class: ClassName=Designator Member=Component P3 connector 3P
Added Member To Class: ClassName=Designator Member=Component P4 connector 3P
Added Member To Class: ClassName=Designator Member=Component P5 connector 3P
Added Member To Class: ClassName=Designator Member=Component R1 100K
Added Member To Class: ClassName=Designator Member=Component R2 100K
Added Member To Class: ClassName=Designator Member=Component R3 68K
Added Member To Class: ClassName=Designator Member=Component R4 100K
Added Member To Class: ClassName=Designator Member=Component R5 100K
Added Member To Class: ClassName=Designator Member=Component R6 12K
Added Member To Class: ClassName=Designator Member=Component R7 0
Added Member To Class: ClassName=Designator Member=Component R8 330
Added Member To Class: ClassName=Designator Member=Component R9 10K
Added Member To Class: ClassName=Designator Member=Component R10 4.7k
Added Member To Class: ClassName=Designator Member=Component R11 10K
Added Member To Class: ClassName=Designator Member=Component R12 470R
Added Member To Class: ClassName=Designator Member=Component R13 10K
Added Member To Class: ClassName=Designator Member=Component R14 10K
Added Member To Class: ClassName=Designator Member=Component R15 4K7
Added Member To Class: ClassName=Designator Member=Component R16 4K7
Added Member To Class: ClassName=Designator Member=Component R17 10k
Added Member To Class: ClassName=Designator Member=Component R18 47k
Added Member To Class: ClassName=Designator Member=Component R19 47k
Added Member To Class: ClassName=Designator Member=Component R20 47k
Added Member To Class: ClassName=Designator Member=Component R21 47k
Added Member To Class: ClassName=Designator Member=Component R22 47k
Added Member To Class: ClassName=Designator Member=Component TP1
Added Member To Class: ClassName=Designator Member=Component TP2
Added Member To Class: ClassName=Designator Member=Component U1 MP1584EN-LF-Z
Added Member To Class: ClassName=Designator Member=Component U2 LM1117MP-3.3
Added Member To Class: ClassName=Designator Member=Component U3 STM32H743VIT6
Added Member To Class: ClassName=Designator Member=Component U4 ICM-42688-P
Added Member To Class: ClassName=Designator Member=Component U5 MS5611
Added Member To Class: ClassName=Designator Member=Component U6 ICM-42688-P
Added Member To Class: ClassName=Designator Member=Component U7 BMM150
