Removed Pin From Net: NetName=GND Pin=P1-N
Removed Pin From Net: NetName=Vin Pin=P1-P
Change Component Footprint: Designator=P1 Old Footprint=AMASS_XT30PW-M New Footprint=BM02B-GHS
Change Component Comment : Designator=P1 Old Comment=XT30PW-M New Comment=Header 2
Change component parameters: Designator = "P1" ("P1"); Footprint = "AMASS_XT30PW-M"; UniqueID = "\VOERGVJG\OJBZBDIM" ("\VOERGVJG\OJBZBDIM")
Change component parameters (AddParameter): Name = "LatestRevisionDate"; Value = "17-Jul-2002"; VariantName = "[No Variations]"
Change component parameters (AddParameter): Name = "LatestRevisionNote"; Value = "Re-released for DXP Platform."; VariantName = "[No Variations]"
Change component parameters (AddParameter): Name = "Publisher"; Value = "Altium Limited"; VariantName = "[No Variations]"
Add Component: Footprint Not Found SM06B-SRSS-TB
Add Pin To Net: Unknown Pin: Pin J3-1
Add Pin To Net: Unknown Pin: Pin J3-2
Add Pin To Net: Unknown Pin: Pin J3-3
Add Pin To Net: Unknown Pin: Pin J3-4
Add Pin To Net: Unknown Pin: Pin J3-5
Add Pin To Net: Unknown Pin: Pin J3-6
Added Pin To Net: NetName=GND Pin=P1-1
Added Pin To Net: NetName=Vin Pin=P1-2
Add Class: Class already exists: Designator
Add Class: Class already exists: Designator
Add Class: Class already exists: Designator
